#
# There is insufficient memory for the Java Runtime Environment to continue.
# Native memory allocation (malloc) failed to allocate 1992496 bytes for Chunk::new
# Possible reasons:
#   The system is out of physical RAM or swap space
#   The process is running with CompressedOops enabled, and the Java Heap may be blocking the growth of the native heap
# Possible solutions:
#   Reduce memory load on the system
#   Increase physical memory or swap space
#   Check if swap backing store is full
#   Decrease Java heap size (-Xmx/-Xms)
#   Decrease number of Java threads
#   Decrease Java thread stack sizes (-Xss)
#   Set larger code cache with -XX:ReservedCodeCacheSize=
#   JVM is running with Unscaled Compressed Oops mode in which the Java heap is
#     placed in the first 4GB address space. The Java Heap base address is the
#     maximum limit for the native heap growth. Please use -XX:HeapBaseMinAddress
#     to set the Java Heap base and to place the Java Heap above 4GB virtual address.
# This output file may be truncated or incomplete.
#
#  Out of Memory Error (./open/src/hotspot/share/memory/arena.cpp:197), pid=16824, tid=148
#
# JRE version: Java(TM) SE Runtime Environment 18.9 (11.0.10+8) (build 11.0.10+8-LTS-162)
# Java VM: Java HotSpot(TM) 64-Bit Server VM 18.9 (11.0.10+8-LTS-162, mixed mode, tiered, compressed oops, g1 gc, windows-amd64)
# No core dump will be written. Minidumps are not enabled by default on client versions of Windows
#

---------------  S U M M A R Y ------------

Command Line: --add-opens=java.base/java.util=ALL-UNNAMED --add-opens=java.base/java.lang=ALL-UNNAMED --add-opens=java.base/java.lang.invoke=ALL-UNNAMED --add-opens=java.prefs/java.util.prefs=ALL-UNNAMED -Xmx2048m -Dfile.encoding=UTF-8 -Duser.country=US -Duser.language=en -Duser.variant org.gradle.launcher.daemon.bootstrap.GradleDaemon 6.5

Host: AMD Ryzen 3 3100 4-Core Processor              , 8 cores, 7G,  Windows 10 , 64 bit Build 18362 (10.0.18362.1350)
Time: Tue Apr 13 18:33:42 2021 SE Asia Standard Time elapsed time: 1058.904492 seconds (0d 0h 17m 38s)

---------------  T H R E A D  ---------------

Current thread (0x000001987d896800):  JavaThread "C2 CompilerThread0" daemon [_thread_in_native, id=148, stack(0x00000051d1e00000,0x00000051d1f00000)]


Current CompileTask:
C2:1058904 14442       4       org.gradle.internal.logging.sink.OutputEventTransformer::onOutput (399 bytes)

Stack: [0x00000051d1e00000,0x00000051d1f00000]
Native frames: (J=compiled Java code, j=interpreted, Vv=VM code, C=native code)
V  [jvm.dll+0x613e6a]
V  [jvm.dll+0x74c1ff]
V  [jvm.dll+0x74d885]
V  [jvm.dll+0x74df03]
V  [jvm.dll+0x243b78]
V  [jvm.dll+0xba2cc]
V  [jvm.dll+0xba9cc]
V  [jvm.dll+0x346982]
V  [jvm.dll+0x3147d3]
V  [jvm.dll+0x313b1a]
V  [jvm.dll+0x1fd395]
V  [jvm.dll+0x1fc54f]
V  [jvm.dll+0x17f09c]
V  [jvm.dll+0x20bbd4]
V  [jvm.dll+0x209cab]
V  [jvm.dll+0x713619]
V  [jvm.dll+0x70c314]
V  [jvm.dll+0x613036]
C  [ucrtbase.dll+0x210b2]
C  [KERNEL32.DLL+0x17c24]
C  [ntdll.dll+0x6d721]


---------------  P R O C E S S  ---------------

Threads class SMR info:
_java_thread_list=0x0000019805004980, length=165, elements={
0x000001985ea78000, 0x000001987d88b000, 0x000001987d88c000, 0x000001987e1f2800,
0x000001987d892800, 0x000001987d896800, 0x000001987d8a7000, 0x000001987d8ab000,
0x000001987e34c800, 0x000001987e373000, 0x000001987f3f9800, 0x000001987f2ad000,
0x000001987f2b0000, 0x000001980000a800, 0x0000019800007000, 0x0000019800009800,
0x0000019802d24800, 0x0000019802d1f800, 0x000001987ef29800, 0x000001987ef22800,
0x000001987ef25000, 0x000001987ef20800, 0x000001987ef25800, 0x000001987ef26800,
0x000001987ef21800, 0x000001987ef29000, 0x000001987ef2a800, 0x000001987ef27000,
0x000001987ef28000, 0x000001987ef2c000, 0x000001987ef2e800, 0x000001987ef2f800,
0x000001987ef2b800, 0x000001987ef2d000, 0x000001987ef2d800, 0x0000019802d21800,
0x0000019802d22000, 0x0000019802d1e000, 0x0000019802d29800, 0x0000019802d24000,
0x0000019802d25800, 0x0000019802d28000, 0x0000019802d2a800, 0x0000019802d28800,
0x0000019802d2b000, 0x0000019802d2c000, 0x0000019802d26000, 0x0000019802d2c800,
0x0000019802d27000, 0x0000019800004800, 0x000001980000b000, 0x0000019800008000,
0x0000019800005800, 0x0000019800006800, 0x0000019800008800, 0x0000019802892000,
0x0000019802896000, 0x0000019802897800, 0x0000019802898800, 0x0000019802893000,
0x0000019802897000, 0x0000019802893800, 0x0000019802894800, 0x0000019802895800,
0x0000019803ccc800, 0x0000019803ccd800, 0x0000019803ccc000, 0x0000019803cce000,
0x0000019803ccb000, 0x0000019803cc8800, 0x0000019803cc9800, 0x0000019803ccf000,
0x0000019803cd0000, 0x0000019803cca000, 0x0000019803cd4000, 0x0000019803cd2800,
0x0000019803cd3000, 0x0000019803cd5000, 0x0000019803cd6800, 0x0000019803cd5800,
0x0000019803cd0800, 0x0000019803cd7000, 0x0000019803cd1800, 0x000001987e88f800,
0x000001987e88e000, 0x000001987e88e800, 0x000001987e88c000, 0x000001987e890000,
0x000001987e88a800, 0x000001987e88d000, 0x000001987e891000, 0x000001987e88b800,
0x000001987e897800, 0x000001987e893800, 0x000001987e895000, 0x000001987e897000,
0x000001987e892800, 0x000001987e892000, 0x000001987e899000, 0x000001987e896000,
0x000001987e894800, 0x000001987e898800, 0x0000019800901000, 0x0000019800905000,
0x00000198008ff800, 0x0000019800906000, 0x0000019800902800, 0x0000019800901800,
0x0000019800903800, 0x0000019800900000, 0x000001980090a000, 0x0000019800906800,
0x0000019800904000, 0x0000019800909000, 0x000001980090a800, 0x000001980090c800,
0x000001980090d000, 0x000001980090b800, 0x0000019800907800, 0x000001980090e000,
0x0000019800908800, 0x0000019800d88000, 0x0000019800d89800, 0x0000019800d8a800,
0x0000019800d8b800, 0x0000019800d8c000, 0x0000019800d89000, 0x0000019800d86800,
0x0000019800d8d000, 0x0000019800d87000, 0x0000019800d90000, 0x0000019800d91000,
0x0000019800d92800, 0x0000019800d8e000, 0x0000019800d93800, 0x0000019800d92000,
0x0000019800d94800, 0x0000019800d8e800, 0x0000019800d8f800, 0x0000019800d95000,
0x0000019804a73000, 0x0000019804a6f800, 0x0000019804a74800, 0x0000019804a72000,
0x0000019804a77000, 0x0000019804a75000, 0x0000019804a76000, 0x0000019804a71000,
0x0000019804a7d800, 0x0000019804a7b000, 0x0000019804a79800, 0x0000019804a77800,
0x0000019804a7e000, 0x0000019804a78800, 0x0000019804a7a000, 0x0000019804a7c000,
0x0000019804a7c800, 0x000001987f8d0800, 0x000001987f8cb000, 0x000001987f8cc800,
0x000001987f8d1800, 0x000001987f8cc000, 0x000001987f8d2800, 0x000001987f8cd800,
0x000001987f8d3000
}

Java Threads: ( => current thread )
  0x000001985ea78000 JavaThread "main" [_thread_blocked, id=14712, stack(0x00000051d1300000,0x00000051d1400000)]
  0x000001987d88b000 JavaThread "Reference Handler" daemon [_thread_blocked, id=16036, stack(0x00000051d1a00000,0x00000051d1b00000)]
  0x000001987d88c000 JavaThread "Finalizer" daemon [_thread_blocked, id=12816, stack(0x00000051d1b00000,0x00000051d1c00000)]
  0x000001987e1f2800 JavaThread "Signal Dispatcher" daemon [_thread_blocked, id=12644, stack(0x00000051d1c00000,0x00000051d1d00000)]
  0x000001987d892800 JavaThread "Attach Listener" daemon [_thread_blocked, id=16320, stack(0x00000051d1d00000,0x00000051d1e00000)]
=>0x000001987d896800 JavaThread "C2 CompilerThread0" daemon [_thread_in_native, id=148, stack(0x00000051d1e00000,0x00000051d1f00000)]
  0x000001987d8a7000 JavaThread "C1 CompilerThread0" daemon [_thread_blocked, id=8824, stack(0x00000051d1f00000,0x00000051d2000000)]
  0x000001987d8ab000 JavaThread "Sweeper thread" daemon [_thread_blocked, id=128, stack(0x00000051d2000000,0x00000051d2100000)]
  0x000001987e34c800 JavaThread "Common-Cleaner" daemon [_thread_blocked, id=15140, stack(0x00000051d2100000,0x00000051d2200000)]
  0x000001987e373000 JavaThread "Service Thread" daemon [_thread_blocked, id=7648, stack(0x00000051d2200000,0x00000051d2300000)]
  0x000001987f3f9800 JavaThread "Daemon health stats" [_thread_blocked, id=5780, stack(0x00000051d2700000,0x00000051d2800000)]
  0x000001987f2ad000 JavaThread "Incoming local TCP Connector on port 61472" [_thread_in_native, id=1704, stack(0x00000051d2900000,0x00000051d2a00000)]
  0x000001987f2b0000 JavaThread "Daemon periodic checks" [_thread_blocked, id=1156, stack(0x00000051d2a00000,0x00000051d2b00000)]
  0x000001980000a800 JavaThread "Cache worker for journal cache (C:\Users\Ikhsan\.gradle\caches\journal-1)" [_thread_blocked, id=17248, stack(0x00000051d3200000,0x00000051d3300000)]
  0x0000019800007000 JavaThread "File lock request listener" [_thread_in_native, id=10488, stack(0x00000051d3800000,0x00000051d3900000)]
  0x0000019800009800 JavaThread "Cache worker for file hash cache (C:\Users\Ikhsan\.gradle\caches\6.5\fileHashes)" [_thread_blocked, id=11924, stack(0x00000051d3900000,0x00000051d3a00000)]
  0x0000019802d24800 JavaThread "Cache worker for execution history cache (C:\Users\Ikhsan\.gradle\caches\6.5\executionHistory)" [_thread_blocked, id=10596, stack(0x00000051d5900000,0x00000051d5a00000)]
  0x0000019802d1f800 JavaThread "Cache worker for file content cache (C:\Users\Ikhsan\.gradle\caches\6.5\fileContent)" [_thread_blocked, id=14708, stack(0x00000051d5a00000,0x00000051d5b00000)]
  0x000001987ef29800 JavaThread "Memory manager" [_thread_blocked, id=13892, stack(0x00000051da800000,0x00000051da900000)]
  0x000001987ef22800 JavaThread "Daemon Thread 2" [_thread_blocked, id=13852, stack(0x00000051d1100000,0x00000051d1200000)]
  0x000001987ef25000 JavaThread "Handler for socket connection from /127.0.0.1:61472 to /127.0.0.1:61499" [_thread_in_native, id=10776, stack(0x00000051d1200000,0x00000051d1300000)]
  0x000001987ef20800 JavaThread "Cancel handler" [_thread_blocked, id=3396, stack(0x00000051d2400000,0x00000051d2500000)]
  0x000001987ef25800 JavaThread "Daemon worker Thread 2" [_thread_blocked, id=16608, stack(0x00000051d2800000,0x00000051d2900000)]
  0x000001987ef26800 JavaThread "Asynchronous log dispatcher for DefaultDaemonConnection: socket connection from /127.0.0.1:61472 to /127.0.0.1:61499" [_thread_blocked, id=13436, stack(0x00000051d2b00000,0x00000051d2c00000)]
  0x000001987ef21800 JavaThread "Stdin handler" [_thread_blocked, id=15668, stack(0x00000051d2c00000,0x00000051d2d00000)]
  0x000001987ef29000 JavaThread "Thread-133" [_thread_blocked, id=17276, stack(0x00000051d2d00000,0x00000051d2e00000)]
  0x000001987ef2a800 JavaThread "Cache worker for file hash cache (C:\Users\Ikhsan\AndroidStudioProjects\UsingIntent\.gradle\6.5\fileHashes)" [_thread_blocked, id=7284, stack(0x00000051d2e00000,0x00000051d2f00000)]
  0x000001987ef27000 JavaThread "Cache worker for checksums cache (C:\Users\Ikhsan\AndroidStudioProjects\UsingIntent\.gradle\checksums)" [_thread_blocked, id=604, stack(0x00000051d2f00000,0x00000051d3000000)]
  0x000001987ef28000 JavaThread "Cache worker for cache directory md-supplier (C:\Users\Ikhsan\.gradle\caches\6.5\md-supplier)" [_thread_blocked, id=4532, stack(0x00000051d3000000,0x00000051d3100000)]
  0x000001987ef2c000 JavaThread "Cache worker for cache directory md-rule (C:\Users\Ikhsan\.gradle\caches\6.5\md-rule)" [_thread_blocked, id=13632, stack(0x00000051d3100000,0x00000051d3200000)]
  0x000001987ef2e800 JavaThread "Build operations" [_thread_blocked, id=17352, stack(0x00000051d3c00000,0x00000051d3d00000)]
  0x000001987ef2f800 JavaThread "Build operations Thread 2" [_thread_blocked, id=13840, stack(0x00000051d3d00000,0x00000051d3e00000)]
  0x000001987ef2b800 JavaThread "Build operations Thread 3" [_thread_blocked, id=6776, stack(0x00000051d3e00000,0x00000051d3f00000)]
  0x000001987ef2d000 JavaThread "Build operations Thread 4" [_thread_blocked, id=11288, stack(0x00000051d3f00000,0x00000051d4000000)]
  0x000001987ef2d800 JavaThread "Build operations Thread 5" [_thread_blocked, id=14344, stack(0x00000051d4000000,0x00000051d4100000)]
  0x0000019802d21800 JavaThread "Build operations Thread 6" [_thread_blocked, id=15368, stack(0x00000051d4100000,0x00000051d4200000)]
  0x0000019802d22000 JavaThread "Build operations Thread 7" [_thread_blocked, id=12460, stack(0x00000051d4200000,0x00000051d4300000)]
  0x0000019802d1e000 JavaThread "Build operations Thread 8" [_thread_blocked, id=12212, stack(0x00000051d4300000,0x00000051d4400000)]
  0x0000019802d29800 JavaThread "jar transforms Thread 93" [_thread_blocked, id=14648, stack(0x00000051d4400000,0x00000051d4500000)]
  0x0000019802d24000 JavaThread "jar transforms Thread 94" [_thread_blocked, id=12628, stack(0x00000051d4500000,0x00000051d4600000)]
  0x0000019802d25800 JavaThread "jar transforms Thread 95" [_thread_blocked, id=7408, stack(0x00000051d4600000,0x00000051d4700000)]
  0x0000019802d28000 JavaThread "jar transforms Thread 96" [_thread_blocked, id=3364, stack(0x00000051d4700000,0x00000051d4800000)]
  0x0000019802d2a800 JavaThread "jar transforms Thread 97" [_thread_blocked, id=8808, stack(0x00000051d4800000,0x00000051d4900000)]
  0x0000019802d28800 JavaThread "jar transforms Thread 98" [_thread_blocked, id=10648, stack(0x00000051d4900000,0x00000051d4a00000)]
  0x0000019802d2b000 JavaThread "jar transforms Thread 99" [_thread_blocked, id=15028, stack(0x00000051d4a00000,0x00000051d4b00000)]
  0x0000019802d2c000 JavaThread "jar transforms Thread 100" [_thread_blocked, id=8304, stack(0x00000051d4b00000,0x00000051d4c00000)]
  0x0000019802d26000 JavaThread "jar transforms Thread 101" [_thread_blocked, id=9036, stack(0x00000051d4c00000,0x00000051d4d00000)]
  0x0000019802d2c800 JavaThread "jar transforms Thread 102" [_thread_blocked, id=1232, stack(0x00000051d4d00000,0x00000051d4e00000)]
  0x0000019802d27000 JavaThread "jar transforms Thread 103" [_thread_blocked, id=10968, stack(0x00000051d4e00000,0x00000051d4f00000)]
  0x0000019800004800 JavaThread "jar transforms Thread 104" [_thread_blocked, id=16452, stack(0x00000051d4f00000,0x00000051d5000000)]
  0x000001980000b000 JavaThread "jar transforms Thread 105" [_thread_blocked, id=3132, stack(0x00000051d5000000,0x00000051d5100000)]
  0x0000019800008000 JavaThread "jar transforms Thread 106" [_thread_blocked, id=288, stack(0x00000051d5100000,0x00000051d5200000)]
  0x0000019800005800 JavaThread "jar transforms Thread 107" [_thread_blocked, id=16200, stack(0x00000051d5200000,0x00000051d5300000)]
  0x0000019800006800 JavaThread "jar transforms Thread 108" [_thread_blocked, id=9984, stack(0x00000051d5300000,0x00000051d5400000)]
  0x0000019800008800 JavaThread "jar transforms Thread 109" [_thread_blocked, id=8736, stack(0x00000051d5400000,0x00000051d5500000)]
  0x0000019802892000 JavaThread "jar transforms Thread 110" [_thread_blocked, id=13760, stack(0x00000051d5500000,0x00000051d5600000)]
  0x0000019802896000 JavaThread "jar transforms Thread 111" [_thread_blocked, id=13776, stack(0x00000051d5600000,0x00000051d5700000)]
  0x0000019802897800 JavaThread "jar transforms Thread 112" [_thread_blocked, id=12400, stack(0x00000051d5700000,0x00000051d5800000)]
  0x0000019802898800 JavaThread "jar transforms Thread 113" [_thread_blocked, id=14928, stack(0x00000051d5800000,0x00000051d5900000)]
  0x0000019802893000 JavaThread "jar transforms Thread 114" [_thread_blocked, id=9996, stack(0x00000051d5b00000,0x00000051d5c00000)]
  0x0000019802897000 JavaThread "jar transforms Thread 115" [_thread_blocked, id=14128, stack(0x00000051d5c00000,0x00000051d5d00000)]
  0x0000019802893800 JavaThread "jar transforms Thread 116" [_thread_blocked, id=13660, stack(0x00000051d5d00000,0x00000051d5e00000)]
  0x0000019802894800 JavaThread "jar transforms Thread 117" [_thread_blocked, id=15944, stack(0x00000051d5e00000,0x00000051d5f00000)]
  0x0000019802895800 JavaThread "jar transforms Thread 118" [_thread_blocked, id=12436, stack(0x00000051d5f00000,0x00000051d6000000)]
  0x0000019803ccc800 JavaThread "jar transforms Thread 119" [_thread_blocked, id=15708, stack(0x00000051d6000000,0x00000051d6100000)]
  0x0000019803ccd800 JavaThread "jar transforms Thread 120" [_thread_blocked, id=9020, stack(0x00000051d6100000,0x00000051d6200000)]
  0x0000019803ccc000 JavaThread "jar transforms Thread 121" [_thread_blocked, id=15652, stack(0x00000051d6200000,0x00000051d6300000)]
  0x0000019803cce000 JavaThread "jar transforms Thread 122" [_thread_blocked, id=16668, stack(0x00000051d6300000,0x00000051d6400000)]
  0x0000019803ccb000 JavaThread "jar transforms Thread 123" [_thread_blocked, id=13316, stack(0x00000051d6400000,0x00000051d6500000)]
  0x0000019803cc8800 JavaThread "jar transforms Thread 124" [_thread_blocked, id=9540, stack(0x00000051d6500000,0x00000051d6600000)]
  0x0000019803cc9800 JavaThread "jar transforms Thread 125" [_thread_blocked, id=11228, stack(0x00000051d6600000,0x00000051d6700000)]
  0x0000019803ccf000 JavaThread "jar transforms Thread 126" [_thread_blocked, id=15392, stack(0x00000051d6700000,0x00000051d6800000)]
  0x0000019803cd0000 JavaThread "jar transforms Thread 127" [_thread_blocked, id=16696, stack(0x00000051d6800000,0x00000051d6900000)]
  0x0000019803cca000 JavaThread "jar transforms Thread 128" [_thread_blocked, id=15024, stack(0x00000051d6900000,0x00000051d6a00000)]
  0x0000019803cd4000 JavaThread "jar transforms Thread 129" [_thread_blocked, id=8468, stack(0x00000051d6a00000,0x00000051d6b00000)]
  0x0000019803cd2800 JavaThread "jar transforms Thread 130" [_thread_blocked, id=912, stack(0x00000051d6b00000,0x00000051d6c00000)]
  0x0000019803cd3000 JavaThread "jar transforms Thread 131" [_thread_blocked, id=1780, stack(0x00000051d6c00000,0x00000051d6d00000)]
  0x0000019803cd5000 JavaThread "jar transforms Thread 132" [_thread_blocked, id=5352, stack(0x00000051d6d00000,0x00000051d6e00000)]
  0x0000019803cd6800 JavaThread "jar transforms Thread 133" [_thread_blocked, id=10856, stack(0x00000051d6e00000,0x00000051d6f00000)]
  0x0000019803cd5800 JavaThread "jar transforms Thread 134" [_thread_blocked, id=6696, stack(0x00000051d6f00000,0x00000051d7000000)]
  0x0000019803cd0800 JavaThread "jar transforms Thread 135" [_thread_blocked, id=6624, stack(0x00000051d7000000,0x00000051d7100000)]
  0x0000019803cd7000 JavaThread "jar transforms Thread 136" [_thread_blocked, id=5632, stack(0x00000051d7100000,0x00000051d7200000)]
  0x0000019803cd1800 JavaThread "jar transforms Thread 137" [_thread_blocked, id=13268, stack(0x00000051d7200000,0x00000051d7300000)]
  0x000001987e88f800 JavaThread "jar transforms Thread 138" [_thread_blocked, id=4092, stack(0x00000051d7300000,0x00000051d7400000)]
  0x000001987e88e000 JavaThread "jar transforms Thread 139" [_thread_blocked, id=8128, stack(0x00000051d7400000,0x00000051d7500000)]
  0x000001987e88e800 JavaThread "jar transforms Thread 140" [_thread_blocked, id=12992, stack(0x00000051d7500000,0x00000051d7600000)]
  0x000001987e88c000 JavaThread "jar transforms Thread 141" [_thread_blocked, id=11596, stack(0x00000051d7600000,0x00000051d7700000)]
  0x000001987e890000 JavaThread "jar transforms Thread 142" [_thread_blocked, id=6708, stack(0x00000051d7700000,0x00000051d7800000)]
  0x000001987e88a800 JavaThread "jar transforms Thread 143" [_thread_blocked, id=8068, stack(0x00000051d7800000,0x00000051d7900000)]
  0x000001987e88d000 JavaThread "jar transforms Thread 144" [_thread_blocked, id=14832, stack(0x00000051d7900000,0x00000051d7a00000)]
  0x000001987e891000 JavaThread "jar transforms Thread 145" [_thread_blocked, id=12088, stack(0x00000051d7a00000,0x00000051d7b00000)]
  0x000001987e88b800 JavaThread "jar transforms Thread 146" [_thread_blocked, id=8688, stack(0x00000051d7b00000,0x00000051d7c00000)]
  0x000001987e897800 JavaThread "jar transforms Thread 147" [_thread_blocked, id=9628, stack(0x00000051d7c00000,0x00000051d7d00000)]
  0x000001987e893800 JavaThread "jar transforms Thread 148" [_thread_blocked, id=7020, stack(0x00000051d7d00000,0x00000051d7e00000)]
  0x000001987e895000 JavaThread "jar transforms Thread 149" [_thread_blocked, id=16868, stack(0x00000051d7e00000,0x00000051d7f00000)]
  0x000001987e897000 JavaThread "jar transforms Thread 150" [_thread_blocked, id=7840, stack(0x00000051d7f00000,0x00000051d8000000)]
  0x000001987e892800 JavaThread "jar transforms Thread 151" [_thread_blocked, id=13648, stack(0x00000051d8000000,0x00000051d8100000)]
  0x000001987e892000 JavaThread "jar transforms Thread 152" [_thread_blocked, id=13536, stack(0x00000051d8100000,0x00000051d8200000)]
  0x000001987e899000 JavaThread "jar transforms Thread 153" [_thread_blocked, id=4280, stack(0x00000051d8200000,0x00000051d8300000)]
  0x000001987e896000 JavaThread "jar transforms Thread 154" [_thread_blocked, id=10452, stack(0x00000051d8300000,0x00000051d8400000)]
  0x000001987e894800 JavaThread "jar transforms Thread 155" [_thread_blocked, id=11816, stack(0x00000051d8400000,0x00000051d8500000)]
  0x000001987e898800 JavaThread "jar transforms Thread 156" [_thread_blocked, id=7376, stack(0x00000051d8500000,0x00000051d8600000)]
  0x0000019800901000 JavaThread "jar transforms Thread 157" [_thread_blocked, id=5816, stack(0x00000051d8600000,0x00000051d8700000)]
  0x0000019800905000 JavaThread "jar transforms Thread 158" [_thread_blocked, id=13516, stack(0x00000051d8700000,0x00000051d8800000)]
  0x00000198008ff800 JavaThread "jar transforms Thread 159" [_thread_blocked, id=3864, stack(0x00000051d8800000,0x00000051d8900000)]
  0x0000019800906000 JavaThread "jar transforms Thread 160" [_thread_blocked, id=9616, stack(0x00000051d8900000,0x00000051d8a00000)]
  0x0000019800902800 JavaThread "jar transforms Thread 161" [_thread_blocked, id=5396, stack(0x00000051d8a00000,0x00000051d8b00000)]
  0x0000019800901800 JavaThread "jar transforms Thread 162" [_thread_blocked, id=9536, stack(0x00000051d3b00000,0x00000051d3c00000)]
  0x0000019800903800 JavaThread "jar transforms Thread 163" [_thread_blocked, id=12912, stack(0x00000051d8b00000,0x00000051d8c00000)]
  0x0000019800900000 JavaThread "jar transforms Thread 164" [_thread_blocked, id=10176, stack(0x00000051d8c00000,0x00000051d8d00000)]
  0x000001980090a000 JavaThread "jar transforms Thread 165" [_thread_blocked, id=5704, stack(0x00000051d8d00000,0x00000051d8e00000)]
  0x0000019800906800 JavaThread "jar transforms Thread 166" [_thread_blocked, id=9488, stack(0x00000051d8e00000,0x00000051d8f00000)]
  0x0000019800904000 JavaThread "jar transforms Thread 167" [_thread_blocked, id=17364, stack(0x00000051d8f00000,0x00000051d9000000)]
  0x0000019800909000 JavaThread "jar transforms Thread 168" [_thread_blocked, id=11600, stack(0x00000051d9000000,0x00000051d9100000)]
  0x000001980090a800 JavaThread "jar transforms Thread 169" [_thread_blocked, id=2764, stack(0x00000051d9100000,0x00000051d9200000)]
  0x000001980090c800 JavaThread "jar transforms Thread 170" [_thread_blocked, id=1176, stack(0x00000051d9200000,0x00000051d9300000)]
  0x000001980090d000 JavaThread "jar transforms Thread 171" [_thread_blocked, id=4748, stack(0x00000051d9300000,0x00000051d9400000)]
  0x000001980090b800 JavaThread "jar transforms Thread 172" [_thread_blocked, id=9436, stack(0x00000051d9400000,0x00000051d9500000)]
  0x0000019800907800 JavaThread "jar transforms Thread 173" [_thread_blocked, id=17064, stack(0x00000051d9500000,0x00000051d9600000)]
  0x000001980090e000 JavaThread "jar transforms Thread 174" [_thread_blocked, id=12568, stack(0x00000051d9600000,0x00000051d9700000)]
  0x0000019800908800 JavaThread "jar transforms Thread 175" [_thread_blocked, id=14096, stack(0x00000051d9700000,0x00000051d9800000)]
  0x0000019800d88000 JavaThread "jar transforms Thread 176" [_thread_blocked, id=11480, stack(0x00000051d9800000,0x00000051d9900000)]
  0x0000019800d89800 JavaThread "jar transforms Thread 177" [_thread_blocked, id=10616, stack(0x00000051d9900000,0x00000051d9a00000)]
  0x0000019800d8a800 JavaThread "jar transforms Thread 178" [_thread_blocked, id=1848, stack(0x00000051d9a00000,0x00000051d9b00000)]
  0x0000019800d8b800 JavaThread "jar transforms Thread 179" [_thread_blocked, id=12664, stack(0x00000051d9b00000,0x00000051d9c00000)]
  0x0000019800d8c000 JavaThread "jar transforms Thread 180" [_thread_blocked, id=4716, stack(0x00000051d9c00000,0x00000051d9d00000)]
  0x0000019800d89000 JavaThread "jar transforms Thread 181" [_thread_blocked, id=17124, stack(0x00000051d9d00000,0x00000051d9e00000)]
  0x0000019800d86800 JavaThread "jar transforms Thread 182" [_thread_blocked, id=8532, stack(0x00000051d9e00000,0x00000051d9f00000)]
  0x0000019800d8d000 JavaThread "jar transforms Thread 183" [_thread_blocked, id=14028, stack(0x00000051d9f00000,0x00000051da000000)]
  0x0000019800d87000 JavaThread "jar transforms Thread 184" [_thread_blocked, id=13200, stack(0x00000051da000000,0x00000051da100000)]
  0x0000019800d90000 JavaThread "Cache worker for Build Output Cleanup Cache (C:\Users\Ikhsan\AndroidStudioProjects\UsingIntent\.gradle\buildOutputCleanup)" [_thread_blocked, id=8892, stack(0x00000051da100000,0x00000051da200000)]
  0x0000019800d91000 JavaThread "Cache worker for file content cache (C:\Users\Ikhsan\AndroidStudioProjects\UsingIntent\.gradle\6.5\fileContent)" [_thread_blocked, id=12756, stack(0x00000051da300000,0x00000051da400000)]
  0x0000019800d92800 JavaThread "Execution worker for ':'" [_thread_blocked, id=14636, stack(0x00000051da400000,0x00000051da500000)]
  0x0000019800d8e000 JavaThread "Execution worker for ':' Thread 2" [_thread_blocked, id=3984, stack(0x00000051da500000,0x00000051da600000)]
  0x0000019800d93800 JavaThread "Execution worker for ':' Thread 3" [_thread_blocked, id=11308, stack(0x00000051da600000,0x00000051da700000)]
  0x0000019800d92000 JavaThread "Execution worker for ':' Thread 4" [_thread_blocked, id=8668, stack(0x00000051da700000,0x00000051da800000)]
  0x0000019800d94800 JavaThread "Execution worker for ':' Thread 5" [_thread_in_Java, id=16836, stack(0x00000051da900000,0x00000051daa00000)]
  0x0000019800d8e800 JavaThread "Execution worker for ':' Thread 6" [_thread_blocked, id=17000, stack(0x00000051daa00000,0x00000051dab00000)]
  0x0000019800d8f800 JavaThread "Execution worker for ':' Thread 7" [_thread_blocked, id=11316, stack(0x00000051dab00000,0x00000051dac00000)]
  0x0000019800d95000 JavaThread "Cache worker for execution history cache (C:\Users\Ikhsan\AndroidStudioProjects\UsingIntent\.gradle\6.5\executionHistory)" [_thread_blocked, id=3508, stack(0x00000051dac00000,0x00000051dad00000)]
  0x0000019804a73000 JavaThread "WorkerExecutor Queue" [_thread_blocked, id=4776, stack(0x00000051dad00000,0x00000051dae00000)]
  0x0000019804a6f800 JavaThread "WorkerExecutor Queue Thread 2" [_thread_blocked, id=3176, stack(0x00000051daf00000,0x00000051db000000)]
  0x0000019804a74800 JavaThread "WorkerExecutor Queue Thread 3" [_thread_in_Java, id=15608, stack(0x00000051db000000,0x00000051db100000)]
  0x0000019804a72000 JavaThread "WorkerExecutor Queue Thread 4" [_thread_blocked, id=14264, stack(0x00000051db100000,0x00000051db200000)]
  0x0000019804a77000 JavaThread "WorkerExecutor Queue Thread 5" [_thread_in_native, id=10224, stack(0x00000051db200000,0x00000051db300000)]
  0x0000019804a75000 JavaThread "WorkerExecutor Queue Thread 6" [_thread_blocked, id=7268, stack(0x00000051db300000,0x00000051db400000)]
  0x0000019804a76000 JavaThread "WorkerExecutor Queue Thread 7" [_thread_blocked, id=7200, stack(0x00000051db400000,0x00000051db500000)]
  0x0000019804a71000 JavaThread "WorkerExecutor Queue Thread 8" [_thread_blocked, id=15732, stack(0x00000051db600000,0x00000051db700000)]
  0x0000019804a7d800 JavaThread "Java2D Disposer" daemon [_thread_blocked, id=14316, stack(0x00000051db700000,0x00000051db800000)]
  0x0000019804a7b000 JavaThread "pool-4-thread-1" [_thread_blocked, id=15296, stack(0x00000051db800000,0x00000051db900000)]
  0x0000019804a79800 JavaThread "stderr" [_thread_in_native, id=16112, stack(0x00000051db900000,0x00000051dba00000)]
  0x0000019804a77800 JavaThread "stdout" [_thread_in_native, id=13104, stack(0x00000051dba00000,0x00000051dbb00000)]
  0x0000019804a7e000 JavaThread "stderr" [_thread_in_native, id=1588, stack(0x00000051dbb00000,0x00000051dbc00000)]
  0x0000019804a78800 JavaThread "stdout" [_thread_in_native, id=9372, stack(0x00000051dbc00000,0x00000051dbd00000)]
  0x0000019804a7a000 JavaThread "stderr" [_thread_in_native, id=15860, stack(0x00000051dbd00000,0x00000051dbe00000)]
  0x0000019804a7c000 JavaThread "stdout" [_thread_in_native, id=268, stack(0x00000051dbe00000,0x00000051dbf00000)]
  0x0000019804a7c800 JavaThread "stderr" [_thread_in_native, id=12412, stack(0x00000051dbf00000,0x00000051dc000000)]
  0x000001987f8d0800 JavaThread "stderr" [_thread_in_native, id=17368, stack(0x00000051dc000000,0x00000051dc100000)]
  0x000001987f8cb000 JavaThread "stdout" [_thread_in_native, id=10332, stack(0x00000051dc100000,0x00000051dc200000)]
  0x000001987f8cc800 JavaThread "stderr" [_thread_in_native, id=2416, stack(0x00000051dc200000,0x00000051dc300000)]
  0x000001987f8d1800 JavaThread "stdout" [_thread_in_native, id=14280, stack(0x00000051dc300000,0x00000051dc400000)]
  0x000001987f8cc000 JavaThread "stdout" [_thread_in_native, id=10340, stack(0x00000051dc400000,0x00000051dc500000)]
  0x000001987f8d2800 JavaThread "stderr" [_thread_in_native, id=2704, stack(0x00000051dc500000,0x00000051dc600000)]
  0x000001987f8cd800 JavaThread "stdout" [_thread_in_native, id=3404, stack(0x00000051dc600000,0x00000051dc700000)]
  0x000001987f8d3000 JavaThread "C2 CompilerThread1" daemon [_thread_in_native, id=7148, stack(0x00000051da200000,0x00000051da300000)]

Other Threads:
  0x000001987d878800 VMThread "VM Thread" [stack: 0x00000051d1900000,0x00000051d1a00000] [id=2020]
  0x000001987e38b000 WatcherThread [stack: 0x00000051d2300000,0x00000051d2400000] [id=7368]
  0x000001985ea8d800 GCTaskThread "GC Thread#0" [stack: 0x00000051d1400000,0x00000051d1500000] [id=16888]
  0x000001987ecba800 GCTaskThread "GC Thread#1" [stack: 0x00000051d2500000,0x00000051d2600000] [id=10464]
  0x000001987ecbb800 GCTaskThread "GC Thread#2" [stack: 0x00000051d2600000,0x00000051d2700000] [id=7228]
  0x000001987f972800 GCTaskThread "GC Thread#3" [stack: 0x00000051d3300000,0x00000051d3400000] [id=13076]
  0x000001987fcca800 GCTaskThread "GC Thread#4" [stack: 0x00000051d3400000,0x00000051d3500000] [id=14744]
  0x0000019800079000 GCTaskThread "GC Thread#5" [stack: 0x00000051d3500000,0x00000051d3600000] [id=972]
  0x0000019800079800 GCTaskThread "GC Thread#6" [stack: 0x00000051d3600000,0x00000051d3700000] [id=10168]
  0x000001987f981800 GCTaskThread "GC Thread#7" [stack: 0x00000051d3700000,0x00000051d3800000] [id=264]
  0x000001985eabe000 ConcurrentGCThread "G1 Main Marker" [stack: 0x00000051d1500000,0x00000051d1600000] [id=13152]
  0x000001985eac0000 ConcurrentGCThread "G1 Conc#0" [stack: 0x00000051d1600000,0x00000051d1700000] [id=11048]
  0x000001980008f800 ConcurrentGCThread "G1 Conc#1" [stack: 0x00000051d3a00000,0x00000051d3b00000] [id=7972]
  0x000001987d6c6800 ConcurrentGCThread "G1 Refine#0" [stack: 0x00000051d1700000,0x00000051d1800000] [id=10148]
  0x0000019804c17000 ConcurrentGCThread "G1 Refine#1" [stack: 0x00000051d1000000,0x00000051d1100000] [id=3800]
  0x000001987d6c9000 ConcurrentGCThread "G1 Young RemSet Sampling" [stack: 0x00000051d1800000,0x00000051d1900000] [id=13064]

Threads with active compile tasks:
C2 CompilerThread01058939 14442       4       org.gradle.internal.logging.sink.OutputEventTransformer::onOutput (399 bytes)
C1 CompilerThread01058939 14519   !   3       com.android.tools.build.apkzlib.zip.CentralDirectory::readEntry (702 bytes)
C2 CompilerThread11058939 14457       4       org.gradle.api.internal.artifacts.result.DefaultResolutionResult::eachElement (92 bytes)

VM state:not at safepoint (normal execution)

VM Mutex/Monitor currently owned by a thread: None

Heap address: 0x0000000080000000, size: 2048 MB, Compressed Oops mode: 32-bit
Narrow klass base: 0x0000000000000000, Narrow klass shift: 3
Compressed class space size: 1073741824 Address: 0x0000000100000000

Heap:
 garbage-first heap   total 189440K, used 118183K [0x0000000080000000, 0x0000000100000000)
  region size 1024K, 18 young (18432K), 3 survivors (3072K)
 Metaspace       used 111173K, capacity 114135K, committed 114208K, reserved 1148928K
  class space    used 13909K, capacity 14932K, committed 14976K, reserved 1048576K
Heap Regions: E=young(eden), S=young(survivor), O=old, HS=humongous(starts), HC=humongous(continues), CS=collection set, F=free, A=archive, TAMS=top-at-mark-start (previous, next)
|   0|0x0000000080000000, 0x0000000080100000, 0x0000000080100000|100%| O|  |TAMS 0x0000000080100000, 0x0000000080000000| Complete 
|   1|0x0000000080100000, 0x0000000080200000, 0x0000000080200000|100%| O|  |TAMS 0x0000000080200000, 0x0000000080100000| Untracked 
|   2|0x0000000080200000, 0x0000000080300000, 0x0000000080300000|100%| O|  |TAMS 0x0000000080300000, 0x0000000080200000| Untracked 
|   3|0x0000000080300000, 0x0000000080400000, 0x0000000080400000|100%|HS|  |TAMS 0x0000000080400000, 0x0000000080300000| Complete 
|   4|0x0000000080400000, 0x0000000080500000, 0x0000000080500000|100%|HC|  |TAMS 0x0000000080500000, 0x0000000080400000| Complete 
|   5|0x0000000080500000, 0x0000000080600000, 0x0000000080600000|100%|HC|  |TAMS 0x0000000080600000, 0x0000000080500000| Complete 
|   6|0x0000000080600000, 0x0000000080700000, 0x0000000080700000|100%| O|  |TAMS 0x0000000080700000, 0x0000000080600000| Untracked 
|   7|0x0000000080700000, 0x0000000080800000, 0x0000000080800000|100%| O|  |TAMS 0x0000000080800000, 0x0000000080700000| Untracked 
|   8|0x0000000080800000, 0x0000000080900000, 0x0000000080900000|100%| O|  |TAMS 0x0000000080900000, 0x0000000080800000| Complete 
|   9|0x0000000080900000, 0x0000000080a00000, 0x0000000080a00000|100%| O|  |TAMS 0x0000000080a00000, 0x0000000080900000| Untracked 
|  10|0x0000000080a00000, 0x0000000080b00000, 0x0000000080b00000|100%| O|  |TAMS 0x0000000080b00000, 0x0000000080a00000| Complete 
|  11|0x0000000080b00000, 0x0000000080c00000, 0x0000000080c00000|100%| O|  |TAMS 0x0000000080c00000, 0x0000000080b00000| Untracked 
|  12|0x0000000080c00000, 0x0000000080d00000, 0x0000000080d00000|100%| O|  |TAMS 0x0000000080d00000, 0x0000000080c00000| Untracked 
|  13|0x0000000080d00000, 0x0000000080e00000, 0x0000000080e00000|100%| O|  |TAMS 0x0000000080e00000, 0x0000000080d00000| Untracked 
|  14|0x0000000080e00000, 0x0000000080f00000, 0x0000000080f00000|100%| O|  |TAMS 0x0000000080f00000, 0x0000000080e00000| Untracked 
|  15|0x0000000080f00000, 0x0000000081000000, 0x0000000081000000|100%| O|  |TAMS 0x0000000081000000, 0x0000000080f00000| Untracked 
|  16|0x0000000081000000, 0x0000000081100000, 0x0000000081100000|100%| O|  |TAMS 0x0000000081100000, 0x0000000081000000| Untracked 
|  17|0x0000000081100000, 0x0000000081200000, 0x0000000081200000|100%|HS|  |TAMS 0x0000000081200000, 0x0000000081100000| Complete 
|  18|0x0000000081200000, 0x0000000081300000, 0x0000000081300000|100%|HC|  |TAMS 0x0000000081300000, 0x0000000081200000| Complete 
|  19|0x0000000081300000, 0x0000000081400000, 0x0000000081400000|100%|HS|  |TAMS 0x0000000081400000, 0x0000000081300000| Complete 
|  20|0x0000000081400000, 0x0000000081500000, 0x0000000081500000|100%|HC|  |TAMS 0x0000000081500000, 0x0000000081400000| Complete 
|  21|0x0000000081500000, 0x0000000081600000, 0x0000000081600000|100%|HC|  |TAMS 0x0000000081600000, 0x0000000081500000| Complete 
|  22|0x0000000081600000, 0x0000000081700000, 0x0000000081700000|100%|HS|  |TAMS 0x0000000081700000, 0x0000000081600000| Complete 
|  23|0x0000000081700000, 0x0000000081800000, 0x0000000081800000|100%|HC|  |TAMS 0x0000000081800000, 0x0000000081700000| Complete 
|  24|0x0000000081800000, 0x0000000081900000, 0x0000000081900000|100%|HC|  |TAMS 0x0000000081900000, 0x0000000081800000| Complete 
|  25|0x0000000081900000, 0x0000000081a00000, 0x0000000081a00000|100%|HC|  |TAMS 0x0000000081a00000, 0x0000000081900000| Complete 
|  26|0x0000000081a00000, 0x0000000081b00000, 0x0000000081b00000|100%|HS|  |TAMS 0x0000000081b00000, 0x0000000081a00000| Complete 
|  27|0x0000000081b00000, 0x0000000081c00000, 0x0000000081c00000|100%|HC|  |TAMS 0x0000000081c00000, 0x0000000081b00000| Complete 
|  28|0x0000000081c00000, 0x0000000081d00000, 0x0000000081d00000|100%|HC|  |TAMS 0x0000000081d00000, 0x0000000081c00000| Complete 
|  29|0x0000000081d00000, 0x0000000081e00000, 0x0000000081e00000|100%|HC|  |TAMS 0x0000000081e00000, 0x0000000081d00000| Complete 
|  30|0x0000000081e00000, 0x0000000081f00000, 0x0000000081f00000|100%| O|  |TAMS 0x0000000081f00000, 0x0000000081e00000| Untracked 
|  31|0x0000000081f00000, 0x0000000082000000, 0x0000000082000000|100%| O|  |TAMS 0x0000000082000000, 0x0000000081f00000| Untracked 
|  32|0x0000000082000000, 0x0000000082100000, 0x0000000082100000|100%| O|  |TAMS 0x0000000082100000, 0x0000000082000000| Untracked 
|  33|0x0000000082100000, 0x0000000082200000, 0x0000000082200000|100%| O|  |TAMS 0x0000000082200000, 0x0000000082100000| Complete 
|  34|0x0000000082200000, 0x0000000082300000, 0x0000000082300000|100%| O|  |TAMS 0x0000000082300000, 0x0000000082200000| Complete 
|  35|0x0000000082300000, 0x0000000082400000, 0x0000000082400000|100%| O|  |TAMS 0x0000000082400000, 0x0000000082300000| Untracked 
|  36|0x0000000082400000, 0x0000000082500000, 0x0000000082500000|100%| O|  |TAMS 0x0000000082500000, 0x0000000082400000| Untracked 
|  37|0x0000000082500000, 0x0000000082600000, 0x0000000082600000|100%| O|  |TAMS 0x0000000082600000, 0x0000000082500000| Untracked 
|  38|0x0000000082600000, 0x0000000082700000, 0x0000000082700000|100%| O|  |TAMS 0x0000000082700000, 0x0000000082600000| Untracked 
|  39|0x0000000082700000, 0x0000000082800000, 0x0000000082800000|100%| O|  |TAMS 0x0000000082800000, 0x0000000082700000| Untracked 
|  40|0x0000000082800000, 0x0000000082900000, 0x0000000082900000|100%| O|  |TAMS 0x0000000082900000, 0x0000000082800000| Untracked 
|  41|0x0000000082900000, 0x0000000082a00000, 0x0000000082a00000|100%| O|  |TAMS 0x0000000082a00000, 0x0000000082900000| Untracked 
|  42|0x0000000082a00000, 0x0000000082b00000, 0x0000000082b00000|100%| O|  |TAMS 0x0000000082b00000, 0x0000000082a00000| Untracked 
|  43|0x0000000082b00000, 0x0000000082c00000, 0x0000000082c00000|100%|HS|  |TAMS 0x0000000082c00000, 0x0000000082b00000| Complete 
|  44|0x0000000082c00000, 0x0000000082d00000, 0x0000000082d00000|100%| O|  |TAMS 0x0000000082d00000, 0x0000000082c00000| Untracked 
|  45|0x0000000082d00000, 0x0000000082e00000, 0x0000000082e00000|100%| O|  |TAMS 0x0000000082e00000, 0x0000000082d00000| Untracked 
|  46|0x0000000082e00000, 0x0000000082f00000, 0x0000000082f00000|100%| O|  |TAMS 0x0000000082f00000, 0x0000000082e00000| Complete 
|  47|0x0000000082f00000, 0x0000000083000000, 0x0000000083000000|100%|HS|  |TAMS 0x0000000083000000, 0x0000000082f00000| Complete 
|  48|0x0000000083000000, 0x0000000083100000, 0x0000000083100000|100%|HC|  |TAMS 0x0000000083100000, 0x0000000083000000| Complete 
|  49|0x0000000083100000, 0x0000000083200000, 0x0000000083200000|100%| O|  |TAMS 0x0000000083200000, 0x0000000083100000| Untracked 
|  50|0x0000000083200000, 0x0000000083300000, 0x0000000083300000|100%| O|  |TAMS 0x0000000083300000, 0x0000000083200000| Complete 
|  51|0x0000000083300000, 0x0000000083400000, 0x0000000083400000|100%| O|  |TAMS 0x0000000083400000, 0x0000000083300000| Untracked 
|  52|0x0000000083400000, 0x0000000083500000, 0x0000000083500000|100%| O|  |TAMS 0x0000000083500000, 0x0000000083400000| Complete 
|  53|0x0000000083500000, 0x0000000083600000, 0x0000000083600000|100%| O|  |TAMS 0x0000000083600000, 0x0000000083500000| Untracked 
|  54|0x0000000083600000, 0x0000000083700000, 0x0000000083700000|100%| O|  |TAMS 0x0000000083700000, 0x0000000083600000| Untracked 
|  55|0x0000000083700000, 0x0000000083800000, 0x0000000083800000|100%| O|  |TAMS 0x0000000083800000, 0x0000000083700000| Untracked 
|  56|0x0000000083800000, 0x0000000083900000, 0x0000000083900000|100%| O|  |TAMS 0x0000000083900000, 0x0000000083800000| Complete 
|  57|0x0000000083900000, 0x0000000083a00000, 0x0000000083a00000|100%| O|  |TAMS 0x0000000083a00000, 0x0000000083900000| Untracked 
|  58|0x0000000083a00000, 0x0000000083b00000, 0x0000000083b00000|100%| O|  |TAMS 0x0000000083b00000, 0x0000000083a00000| Untracked 
|  59|0x0000000083b00000, 0x0000000083c00000, 0x0000000083c00000|100%| O|  |TAMS 0x0000000083c00000, 0x0000000083b00000| Untracked 
|  60|0x0000000083c00000, 0x0000000083d00000, 0x0000000083d00000|100%| O|  |TAMS 0x0000000083d00000, 0x0000000083c00000| Complete 
|  61|0x0000000083d00000, 0x0000000083e00000, 0x0000000083e00000|100%| O|  |TAMS 0x0000000083e00000, 0x0000000083d00000| Untracked 
|  62|0x0000000083e00000, 0x0000000083f00000, 0x0000000083f00000|100%| O|  |TAMS 0x0000000083f00000, 0x0000000083e00000| Untracked 
|  63|0x0000000083f00000, 0x0000000084000000, 0x0000000084000000|100%| O|  |TAMS 0x0000000084000000, 0x0000000083f00000| Complete 
|  64|0x0000000084000000, 0x0000000084100000, 0x0000000084100000|100%| O|  |TAMS 0x0000000084100000, 0x0000000084000000| Complete 
|  65|0x0000000084100000, 0x0000000084200000, 0x0000000084200000|100%| O|  |TAMS 0x0000000084200000, 0x0000000084100000| Complete 
|  66|0x0000000084200000, 0x0000000084300000, 0x0000000084300000|100%| O|  |TAMS 0x0000000084300000, 0x0000000084200000| Untracked 
|  67|0x0000000084300000, 0x0000000084400000, 0x0000000084400000|100%| O|  |TAMS 0x0000000084400000, 0x0000000084300000| Complete 
|  68|0x0000000084400000, 0x0000000084500000, 0x0000000084500000|100%| O|  |TAMS 0x0000000084500000, 0x0000000084400000| Untracked 
|  69|0x0000000084500000, 0x0000000084600000, 0x0000000084600000|100%| O|  |TAMS 0x0000000084600000, 0x0000000084500000| Complete 
|  70|0x0000000084600000, 0x0000000084700000, 0x0000000084700000|100%| O|  |TAMS 0x0000000084700000, 0x0000000084600000| Untracked 
|  71|0x0000000084700000, 0x0000000084800000, 0x0000000084800000|100%| O|  |TAMS 0x0000000084800000, 0x0000000084700000| Complete 
|  72|0x0000000084800000, 0x0000000084900000, 0x0000000084900000|100%| O|  |TAMS 0x0000000084900000, 0x0000000084800000| Untracked 
|  73|0x0000000084900000, 0x0000000084a00000, 0x0000000084a00000|100%| O|  |TAMS 0x0000000084a00000, 0x0000000084900000| Complete 
|  74|0x0000000084a00000, 0x0000000084b00000, 0x0000000084b00000|100%| O|  |TAMS 0x0000000084b00000, 0x0000000084a00000| Complete 
|  75|0x0000000084b00000, 0x0000000084c00000, 0x0000000084c00000|100%| O|  |TAMS 0x0000000084c00000, 0x0000000084b00000| Untracked 
|  76|0x0000000084c00000, 0x0000000084d00000, 0x0000000084d00000|100%| O|  |TAMS 0x0000000084d00000, 0x0000000084c00000| Complete 
|  77|0x0000000084d00000, 0x0000000084e00000, 0x0000000084e00000|100%| O|  |TAMS 0x0000000084e00000, 0x0000000084d00000| Complete 
|  78|0x0000000084e00000, 0x0000000084f00000, 0x0000000084f00000|100%| O|  |TAMS 0x0000000084f00000, 0x0000000084e00000| Untracked 
|  79|0x0000000084f00000, 0x0000000085000000, 0x0000000085000000|100%| O|  |TAMS 0x0000000085000000, 0x0000000084f00000| Untracked 
|  80|0x0000000085000000, 0x0000000085100000, 0x0000000085100000|100%| O|  |TAMS 0x0000000085100000, 0x0000000085000000| Untracked 
|  81|0x0000000085100000, 0x0000000085200000, 0x0000000085200000|100%| O|  |TAMS 0x0000000085200000, 0x0000000085100000| Untracked 
|  82|0x0000000085200000, 0x0000000085300000, 0x0000000085300000|100%| O|  |TAMS 0x0000000085300000, 0x0000000085200000| Untracked 
|  83|0x0000000085300000, 0x0000000085400000, 0x0000000085400000|100%| O|  |TAMS 0x0000000085400000, 0x0000000085300000| Complete 
|  84|0x0000000085400000, 0x0000000085500000, 0x0000000085500000|100%| O|  |TAMS 0x0000000085500000, 0x0000000085400000| Complete 
|  85|0x0000000085500000, 0x0000000085600000, 0x0000000085600000|100%| O|  |TAMS 0x0000000085600000, 0x0000000085500000| Complete 
|  86|0x0000000085600000, 0x0000000085700000, 0x0000000085700000|100%| O|  |TAMS 0x0000000085700000, 0x0000000085600000| Untracked 
|  87|0x0000000085700000, 0x0000000085800000, 0x0000000085800000|100%| O|  |TAMS 0x0000000085800000, 0x0000000085700000| Untracked 
|  88|0x0000000085800000, 0x0000000085900000, 0x0000000085900000|100%| O|  |TAMS 0x0000000085900000, 0x0000000085800000| Complete 
|  89|0x0000000085900000, 0x0000000085a00000, 0x0000000085a00000|100%| O|  |TAMS 0x0000000085a00000, 0x0000000085900000| Untracked 
|  90|0x0000000085a00000, 0x0000000085b00000, 0x0000000085b00000|100%| O|  |TAMS 0x0000000085b00000, 0x0000000085a00000| Complete 
|  91|0x0000000085b00000, 0x0000000085c00000, 0x0000000085c00000|100%| O|  |TAMS 0x0000000085c00000, 0x0000000085b00000| Untracked 
|  92|0x0000000085c00000, 0x0000000085d00000, 0x0000000085d00000|100%| O|  |TAMS 0x0000000085d00000, 0x0000000085c00000| Complete 
|  93|0x0000000085d00000, 0x0000000085d00000, 0x0000000085e00000|  0%| F|  |TAMS 0x0000000085d00000, 0x0000000085d00000| Untracked 
|  94|0x0000000085e00000, 0x0000000085f00000, 0x0000000085f00000|100%| O|  |TAMS 0x0000000085f00000, 0x0000000085e00000| Untracked 
|  95|0x0000000085f00000, 0x0000000085f00000, 0x0000000086000000|  0%| F|  |TAMS 0x0000000085f00000, 0x0000000085f00000| Untracked 
|  96|0x0000000086000000, 0x0000000086100000, 0x0000000086100000|100%| O|  |TAMS 0x0000000086100000, 0x0000000086000000| Untracked 
|  97|0x0000000086100000, 0x0000000086100000, 0x0000000086200000|  0%| F|  |TAMS 0x0000000086100000, 0x0000000086100000| Untracked 
|  98|0x0000000086200000, 0x00000000862a9000, 0x0000000086300000| 66%| O|  |TAMS 0x00000000862a9000, 0x0000000086200000| Untracked 
|  99|0x0000000086300000, 0x0000000086300000, 0x0000000086400000|  0%| F|  |TAMS 0x0000000086300000, 0x0000000086300000| Untracked 
| 100|0x0000000086400000, 0x0000000086400000, 0x0000000086500000|  0%| F|  |TAMS 0x0000000086400000, 0x0000000086400000| Untracked 
| 101|0x0000000086500000, 0x0000000086500000, 0x0000000086600000|  0%| F|  |TAMS 0x0000000086500000, 0x0000000086500000| Untracked 
| 102|0x0000000086600000, 0x0000000086600000, 0x0000000086700000|  0%| F|  |TAMS 0x0000000086600000, 0x0000000086600000| Untracked 
| 103|0x0000000086700000, 0x0000000086700000, 0x0000000086800000|  0%| F|  |TAMS 0x0000000086700000, 0x0000000086700000| Untracked 
| 104|0x0000000086800000, 0x0000000086800000, 0x0000000086900000|  0%| F|  |TAMS 0x0000000086800000, 0x0000000086800000| Untracked 
| 105|0x0000000086900000, 0x0000000086900000, 0x0000000086a00000|  0%| F|  |TAMS 0x0000000086900000, 0x0000000086900000| Untracked 
| 106|0x0000000086a00000, 0x0000000086a00000, 0x0000000086b00000|  0%| F|  |TAMS 0x0000000086a00000, 0x0000000086a00000| Untracked 
| 107|0x0000000086b00000, 0x0000000086b00000, 0x0000000086c00000|  0%| F|  |TAMS 0x0000000086b00000, 0x0000000086b00000| Untracked 
| 108|0x0000000086c00000, 0x0000000086c00000, 0x0000000086d00000|  0%| F|  |TAMS 0x0000000086c00000, 0x0000000086c00000| Untracked 
| 109|0x0000000086d00000, 0x0000000086d00000, 0x0000000086e00000|  0%| F|  |TAMS 0x0000000086d00000, 0x0000000086d00000| Untracked 
| 110|0x0000000086e00000, 0x0000000086e00000, 0x0000000086f00000|  0%| F|  |TAMS 0x0000000086e00000, 0x0000000086e00000| Untracked 
| 111|0x0000000086f00000, 0x0000000086f00000, 0x0000000087000000|  0%| F|  |TAMS 0x0000000086f00000, 0x0000000086f00000| Untracked 
| 112|0x0000000087000000, 0x0000000087000000, 0x0000000087100000|  0%| F|  |TAMS 0x0000000087000000, 0x0000000087000000| Untracked 
| 113|0x0000000087100000, 0x0000000087100000, 0x0000000087200000|  0%| F|  |TAMS 0x0000000087100000, 0x0000000087100000| Untracked 
| 114|0x0000000087200000, 0x0000000087300000, 0x0000000087300000|100%| O|  |TAMS 0x0000000087300000, 0x0000000087200000| Untracked 
| 115|0x0000000087300000, 0x0000000087400000, 0x0000000087400000|100%| O|  |TAMS 0x0000000087400000, 0x0000000087300000| Complete 
| 116|0x0000000087400000, 0x0000000087400000, 0x0000000087500000|  0%| F|  |TAMS 0x0000000087400000, 0x0000000087400000| Untracked 
| 117|0x0000000087500000, 0x0000000087500000, 0x0000000087600000|  0%| F|  |TAMS 0x0000000087500000, 0x0000000087500000| Untracked 
| 118|0x0000000087600000, 0x0000000087700000, 0x0000000087700000|100%| O|  |TAMS 0x0000000087700000, 0x0000000087600000| Complete 
| 119|0x0000000087700000, 0x0000000087800000, 0x0000000087800000|100%| O|  |TAMS 0x0000000087800000, 0x0000000087700000| Complete 
| 120|0x0000000087800000, 0x0000000087800000, 0x0000000087900000|  0%| F|  |TAMS 0x0000000087800000, 0x0000000087800000| Untracked 
| 121|0x0000000087900000, 0x0000000087900000, 0x0000000087a00000|  0%| F|  |TAMS 0x0000000087900000, 0x0000000087900000| Untracked 
| 122|0x0000000087a00000, 0x0000000087a00000, 0x0000000087b00000|  0%| F|  |TAMS 0x0000000087a00000, 0x0000000087a00000| Untracked 
| 123|0x0000000087b00000, 0x0000000087b00000, 0x0000000087c00000|  0%| F|  |TAMS 0x0000000087b00000, 0x0000000087b00000| Untracked 
| 124|0x0000000087c00000, 0x0000000087c00000, 0x0000000087d00000|  0%| F|  |TAMS 0x0000000087c00000, 0x0000000087c00000| Untracked 
| 125|0x0000000087d00000, 0x0000000087d00000, 0x0000000087e00000|  0%| F|  |TAMS 0x0000000087d00000, 0x0000000087d00000| Untracked 
| 126|0x0000000087e00000, 0x0000000087e00000, 0x0000000087f00000|  0%| F|  |TAMS 0x0000000087e00000, 0x0000000087e00000| Untracked 
| 127|0x0000000087f00000, 0x0000000087f00000, 0x0000000088000000|  0%| F|  |TAMS 0x0000000087f00000, 0x0000000087f00000| Untracked 
| 128|0x0000000088000000, 0x0000000088000000, 0x0000000088100000|  0%| F|  |TAMS 0x0000000088000000, 0x0000000088000000| Untracked 
| 129|0x0000000088100000, 0x0000000088100000, 0x0000000088200000|  0%| F|  |TAMS 0x0000000088100000, 0x0000000088100000| Untracked 
| 130|0x0000000088200000, 0x0000000088200000, 0x0000000088300000|  0%| F|  |TAMS 0x0000000088200000, 0x0000000088200000| Untracked 
| 131|0x0000000088300000, 0x0000000088300000, 0x0000000088400000|  0%| F|  |TAMS 0x0000000088300000, 0x0000000088300000| Untracked 
| 132|0x0000000088400000, 0x0000000088400000, 0x0000000088500000|  0%| F|  |TAMS 0x0000000088400000, 0x0000000088400000| Untracked 
| 133|0x0000000088500000, 0x0000000088500000, 0x0000000088600000|  0%| F|  |TAMS 0x0000000088500000, 0x0000000088500000| Untracked 
| 134|0x0000000088600000, 0x0000000088600000, 0x0000000088700000|  0%| F|  |TAMS 0x0000000088600000, 0x0000000088600000| Untracked 
| 135|0x0000000088700000, 0x0000000088700000, 0x0000000088800000|  0%| F|  |TAMS 0x0000000088700000, 0x0000000088700000| Untracked 
| 136|0x0000000088800000, 0x0000000088800000, 0x0000000088900000|  0%| F|  |TAMS 0x0000000088800000, 0x0000000088800000| Untracked 
| 137|0x0000000088900000, 0x0000000088900000, 0x0000000088a00000|  0%| F|  |TAMS 0x0000000088900000, 0x0000000088900000| Untracked 
| 138|0x0000000088a00000, 0x0000000088a00000, 0x0000000088b00000|  0%| F|  |TAMS 0x0000000088a00000, 0x0000000088a00000| Untracked 
| 139|0x0000000088b00000, 0x0000000088b00000, 0x0000000088c00000|  0%| F|  |TAMS 0x0000000088b00000, 0x0000000088b00000| Untracked 
| 140|0x0000000088c00000, 0x0000000088c00000, 0x0000000088d00000|  0%| F|  |TAMS 0x0000000088c00000, 0x0000000088c00000| Untracked 
| 141|0x0000000088d00000, 0x0000000088d00000, 0x0000000088e00000|  0%| F|  |TAMS 0x0000000088d00000, 0x0000000088d00000| Untracked 
| 142|0x0000000088e00000, 0x0000000088e00000, 0x0000000088f00000|  0%| F|  |TAMS 0x0000000088e00000, 0x0000000088e00000| Untracked 
| 143|0x0000000088f00000, 0x0000000088f00000, 0x0000000089000000|  0%| F|  |TAMS 0x0000000088f00000, 0x0000000088f00000| Untracked 
| 144|0x0000000089000000, 0x0000000089000000, 0x0000000089100000|  0%| F|  |TAMS 0x0000000089000000, 0x0000000089000000| Untracked 
| 145|0x0000000089100000, 0x0000000089100000, 0x0000000089200000|  0%| F|  |TAMS 0x0000000089100000, 0x0000000089100000| Untracked 
| 146|0x0000000089200000, 0x00000000892c0ca0, 0x0000000089300000| 75%| S|CS|TAMS 0x0000000089200000, 0x0000000089200000| Complete 
| 147|0x0000000089300000, 0x0000000089400000, 0x0000000089400000|100%| S|CS|TAMS 0x0000000089300000, 0x0000000089300000| Complete 
| 148|0x0000000089400000, 0x0000000089500000, 0x0000000089500000|100%| S|CS|TAMS 0x0000000089400000, 0x0000000089400000| Complete 
| 149|0x0000000089500000, 0x0000000089500000, 0x0000000089600000|  0%| F|  |TAMS 0x0000000089500000, 0x0000000089500000| Untracked 
| 150|0x0000000089600000, 0x0000000089600000, 0x0000000089700000|  0%| F|  |TAMS 0x0000000089600000, 0x0000000089600000| Untracked 
| 151|0x0000000089700000, 0x0000000089700000, 0x0000000089800000|  0%| F|  |TAMS 0x0000000089700000, 0x0000000089700000| Untracked 
| 152|0x0000000089800000, 0x0000000089800000, 0x0000000089900000|  0%| F|  |TAMS 0x0000000089800000, 0x0000000089800000| Untracked 
| 153|0x0000000089900000, 0x0000000089900000, 0x0000000089a00000|  0%| F|  |TAMS 0x0000000089900000, 0x0000000089900000| Untracked 
| 154|0x0000000089a00000, 0x0000000089a00000, 0x0000000089b00000|  0%| F|  |TAMS 0x0000000089a00000, 0x0000000089a00000| Untracked 
| 155|0x0000000089b00000, 0x0000000089b00000, 0x0000000089c00000|  0%| F|  |TAMS 0x0000000089b00000, 0x0000000089b00000| Untracked 
| 156|0x0000000089c00000, 0x0000000089c00000, 0x0000000089d00000|  0%| F|  |TAMS 0x0000000089c00000, 0x0000000089c00000| Untracked 
| 157|0x0000000089d00000, 0x0000000089d00000, 0x0000000089e00000|  0%| F|  |TAMS 0x0000000089d00000, 0x0000000089d00000| Untracked 
| 158|0x0000000089e00000, 0x0000000089e00000, 0x0000000089f00000|  0%| F|  |TAMS 0x0000000089e00000, 0x0000000089e00000| Untracked 
| 159|0x0000000089f00000, 0x0000000089f00000, 0x000000008a000000|  0%| F|  |TAMS 0x0000000089f00000, 0x0000000089f00000| Untracked 
| 160|0x000000008a000000, 0x000000008a000000, 0x000000008a100000|  0%| F|  |TAMS 0x000000008a000000, 0x000000008a000000| Untracked 
| 161|0x000000008a100000, 0x000000008a100000, 0x000000008a200000|  0%| F|  |TAMS 0x000000008a100000, 0x000000008a100000| Untracked 
| 162|0x000000008a200000, 0x000000008a200000, 0x000000008a300000|  0%| F|  |TAMS 0x000000008a200000, 0x000000008a200000| Untracked 
| 163|0x000000008a300000, 0x000000008a300000, 0x000000008a400000|  0%| F|  |TAMS 0x000000008a300000, 0x000000008a300000| Untracked 
| 164|0x000000008a400000, 0x000000008a400000, 0x000000008a500000|  0%| F|  |TAMS 0x000000008a400000, 0x000000008a400000| Untracked 
| 165|0x000000008a500000, 0x000000008a500000, 0x000000008a600000|  0%| F|  |TAMS 0x000000008a500000, 0x000000008a500000| Untracked 
| 166|0x000000008a600000, 0x000000008a600000, 0x000000008a700000|  0%| F|  |TAMS 0x000000008a600000, 0x000000008a600000| Untracked 
| 167|0x000000008a700000, 0x000000008a700000, 0x000000008a800000|  0%| F|  |TAMS 0x000000008a700000, 0x000000008a700000| Untracked 
| 168|0x000000008a800000, 0x000000008a800000, 0x000000008a900000|  0%| F|  |TAMS 0x000000008a800000, 0x000000008a800000| Untracked 
| 169|0x000000008a900000, 0x000000008a9b6da0, 0x000000008aa00000| 71%| E|  |TAMS 0x000000008a900000, 0x000000008a900000| Complete 
| 170|0x000000008aa00000, 0x000000008ab00000, 0x000000008ab00000|100%| E|CS|TAMS 0x000000008aa00000, 0x000000008aa00000| Complete 
| 171|0x000000008ab00000, 0x000000008ac00000, 0x000000008ac00000|100%| E|CS|TAMS 0x000000008ab00000, 0x000000008ab00000| Complete 
| 172|0x000000008ac00000, 0x000000008ad00000, 0x000000008ad00000|100%| E|CS|TAMS 0x000000008ac00000, 0x000000008ac00000| Complete 
| 173|0x000000008ad00000, 0x000000008ae00000, 0x000000008ae00000|100%| E|CS|TAMS 0x000000008ad00000, 0x000000008ad00000| Complete 
| 174|0x000000008ae00000, 0x000000008af00000, 0x000000008af00000|100%| E|CS|TAMS 0x000000008ae00000, 0x000000008ae00000| Complete 
| 175|0x000000008af00000, 0x000000008b000000, 0x000000008b000000|100%| E|CS|TAMS 0x000000008af00000, 0x000000008af00000| Complete 
| 176|0x000000008b000000, 0x000000008b100000, 0x000000008b100000|100%| E|CS|TAMS 0x000000008b000000, 0x000000008b000000| Complete 
| 177|0x000000008b100000, 0x000000008b200000, 0x000000008b200000|100%| E|CS|TAMS 0x000000008b100000, 0x000000008b100000| Complete 
| 178|0x000000008b200000, 0x000000008b300000, 0x000000008b300000|100%| E|CS|TAMS 0x000000008b200000, 0x000000008b200000| Complete 
| 179|0x000000008b300000, 0x000000008b400000, 0x000000008b400000|100%| E|  |TAMS 0x000000008b300000, 0x000000008b300000| Complete 
| 180|0x000000008b400000, 0x000000008b500000, 0x000000008b500000|100%| E|CS|TAMS 0x000000008b400000, 0x000000008b400000| Complete 
| 181|0x000000008b500000, 0x000000008b600000, 0x000000008b600000|100%| E|CS|TAMS 0x000000008b500000, 0x000000008b500000| Complete 
| 182|0x000000008b600000, 0x000000008b700000, 0x000000008b700000|100%| E|CS|TAMS 0x000000008b600000, 0x000000008b600000| Complete 
| 183|0x000000008b700000, 0x000000008b800000, 0x000000008b800000|100%| E|CS|TAMS 0x000000008b700000, 0x000000008b700000| Complete 
| 184|0x000000008b800000, 0x000000008b900000, 0x000000008b900000|100%| E|CS|TAMS 0x000000008b800000, 0x000000008b800000| Complete 

Card table byte_map: [0x0000019876630000,0x0000019876a30000] _byte_map_base: 0x0000019876230000

Marking Bits (Prev, Next): (CMBitMap*) 0x000001985eab4f98, (CMBitMap*) 0x000001985eab4fd0
 Prev Bits: [0x0000019876e30000, 0x0000019878e30000)
 Next Bits: [0x0000019878e30000, 0x000001987ae30000)

Polling page: 0x000001985ca20000

Metaspace:

Usage:
  Non-class:     96.88 MB capacity,    94.99 MB ( 98%) used,     1.60 MB (  2%) free+waste,   299.19 KB ( <1%) overhead. 
      Class:     14.58 MB capacity,    13.58 MB ( 93%) used,   886.27 KB (  6%) free+waste,   136.44 KB ( <1%) overhead. 
       Both:    111.46 MB capacity,   108.57 MB ( 97%) used,     2.47 MB (  2%) free+waste,   435.63 KB ( <1%) overhead. 

Virtual space:
  Non-class space:       98.00 MB reserved,      96.91 MB ( 99%) committed 
      Class space:        1.00 GB reserved,      14.63 MB (  1%) committed 
             Both:        1.10 GB reserved,     111.53 MB ( 10%) committed 

Chunk freelists:
   Non-Class:  3.63 KB
       Class:  1.50 KB
        Both:  5.13 KB

CodeHeap 'non-profiled nmethods': size=120000Kb used=9820Kb max_used=9820Kb free=110179Kb
 bounds [0x000001986e9d0000, 0x000001986f370000, 0x0000019875f00000]
CodeHeap 'profiled nmethods': size=120000Kb used=31099Kb max_used=31099Kb free=88900Kb
 bounds [0x00000198674a0000, 0x0000019869310000, 0x000001986e9d0000]
CodeHeap 'non-nmethods': size=5760Kb used=2394Kb max_used=2458Kb free=3365Kb
 bounds [0x0000019866f00000, 0x0000019867170000, 0x00000198674a0000]
 total_blobs=14773 nmethods=13725 adapters=958
 compilation: enabled
              stopped_count=0, restarted_count=0
 full_count=0

Compilation events (10 events):
Event: 1058.881 Thread 0x000001987d8a7000 14483       3       com.google.common.collect.CompactHashMap::resizeTable (137 bytes)
Event: 1058.881 Thread 0x000001987d8a7000 nmethod 14483 0x00000198692eab10 code [0x00000198692ead00, 0x00000198692eb1e8]
Event: 1058.897 Thread 0x000001987d8a7000 14484       3       com.google.common.collect.RegularImmutableBiMap::get (21 bytes)
Event: 1058.897 Thread 0x000001987d8a7000 nmethod 14484 0x00000198692eb490 code [0x00000198692eb640, 0x00000198692eb788]
Event: 1058.900 Thread 0x000001987d8a7000 14485       3       java.nio.CharBuffer::toString (13 bytes)
Event: 1058.900 Thread 0x000001987d8a7000 nmethod 14485 0x00000198692eb810 code [0x00000198692eb9c0, 0x00000198692ebba8]
Event: 1058.900 Thread 0x000001987d8a7000 14486   !   3       java.nio.HeapCharBuffer::toString (30 bytes)
Event: 1058.900 Thread 0x000001987d8a7000 nmethod 14486 0x00000198692ebc90 code [0x00000198692ebe80, 0x00000198692ec268]
Event: 1058.901 Thread 0x000001987d8a7000 14487       3       java.lang.StringLatin1::toBytes (9 bytes)
Event: 1058.901 Thread 0x000001987d8a7000 nmethod 14487 0x00000198692ec490 code [0x00000198692ec620, 0x00000198692ec798]

GC Heap History (10 events):
Event: 1057.631 GC heap before
{Heap before GC invocations=47 (full 0):
 garbage-first heap   total 189440K, used 129526K [0x0000000080000000, 0x0000000100000000)
  region size 1024K, 9 young (9216K), 3 survivors (3072K)
 Metaspace       used 106688K, capacity 109594K, committed 109856K, reserved 1144832K
  class space    used 13354K, capacity 14354K, committed 14464K, reserved 1048576K
}
Event: 1057.634 GC heap after
{Heap after GC invocations=48 (full 0):
 garbage-first heap   total 189440K, used 121230K [0x0000000080000000, 0x0000000100000000)
  region size 1024K, 1 young (1024K), 1 survivors (1024K)
 Metaspace       used 106688K, capacity 109594K, committed 109856K, reserved 1144832K
  class space    used 13354K, capacity 14354K, committed 14464K, reserved 1048576K
}
Event: 1058.006 GC heap before
{Heap before GC invocations=48 (full 0):
 garbage-first heap   total 189440K, used 144782K [0x0000000080000000, 0x0000000100000000)
  region size 1024K, 24 young (24576K), 1 survivors (1024K)
 Metaspace       used 108579K, capacity 111539K, committed 111648K, reserved 1146880K
  class space    used 13598K, capacity 14617K, committed 14720K, reserved 1048576K
}
Event: 1058.010 GC heap after
{Heap after GC invocations=49 (full 0):
 garbage-first heap   total 189440K, used 121210K [0x0000000080000000, 0x0000000100000000)
  region size 1024K, 1 young (1024K), 1 survivors (1024K)
 Metaspace       used 108579K, capacity 111539K, committed 111648K, reserved 1146880K
  class space    used 13598K, capacity 14617K, committed 14720K, reserved 1048576K
}
Event: 1058.402 GC heap before
{Heap before GC invocations=50 (full 0):
 garbage-first heap   total 189440K, used 137594K [0x0000000080000000, 0x0000000100000000)
  region size 1024K, 26 young (26624K), 1 survivors (1024K)
 Metaspace       used 110028K, capacity 112996K, committed 113312K, reserved 1148928K
  class space    used 13762K, capacity 14756K, committed 14848K, reserved 1048576K
}
Event: 1058.407 GC heap after
{Heap after GC invocations=51 (full 0):
 garbage-first heap   total 189440K, used 114394K [0x0000000080000000, 0x0000000100000000)
  region size 1024K, 3 young (3072K), 3 survivors (3072K)
 Metaspace       used 110028K, capacity 112996K, committed 113312K, reserved 1148928K
  class space    used 13762K, capacity 14756K, committed 14848K, reserved 1048576K
}
Event: 1058.452 GC heap before
{Heap before GC invocations=51 (full 0):
 garbage-first heap   total 189440K, used 119514K [0x0000000080000000, 0x0000000100000000)
  region size 1024K, 9 young (9216K), 3 survivors (3072K)
 Metaspace       used 110035K, capacity 112997K, committed 113312K, reserved 1148928K
  class space    used 13762K, capacity 14756K, committed 14848K, reserved 1048576K
}
Event: 1058.457 GC heap after
{Heap after GC invocations=52 (full 0):
 garbage-first heap   total 189440K, used 102529K [0x0000000080000000, 0x0000000100000000)
  region size 1024K, 1 young (1024K), 1 survivors (1024K)
 Metaspace       used 110035K, capacity 112997K, committed 113312K, reserved 1148928K
  class space    used 13762K, capacity 14756K, committed 14848K, reserved 1048576K
}
Event: 1058.779 GC heap before
{Heap before GC invocations=52 (full 0):
 garbage-first heap   total 189440K, used 137345K [0x0000000080000000, 0x0000000100000000)
  region size 1024K, 36 young (36864K), 1 survivors (1024K)
 Metaspace       used 111016K, capacity 114052K, committed 114208K, reserved 1148928K
  class space    used 13890K, capacity 14927K, committed 14976K, reserved 1048576K
}
Event: 1058.783 GC heap after
{Heap after GC invocations=53 (full 0):
 garbage-first heap   total 189440K, used 104871K [0x0000000080000000, 0x0000000100000000)
  region size 1024K, 3 young (3072K), 3 survivors (3072K)
 Metaspace       used 111016K, capacity 114052K, committed 114208K, reserved 1148928K
  class space    used 13890K, capacity 14927K, committed 14976K, reserved 1048576K
}

Deoptimization events (10 events):
Event: 1058.475 Thread 0x0000019800d92800 Uncommon trap: reason=array_check action=maybe_recompile pc=0x000001986eae2e00 method=java.util.ComparableTimSort.binarySort([Ljava/lang/Object;III)V @ 183 c2
Event: 1058.488 Thread 0x0000019800d94800 Uncommon trap: reason=null_check action=make_not_entrant pc=0x000001986f30f708 method=java.lang.Class.isAnnotation()Z @ 1 c2
Event: 1058.517 Thread 0x0000019804a74800 Uncommon trap: reason=unstable_if action=reinterpret pc=0x000001986efcc010 method=java.util.regex.Matcher.match(II)Z @ 30 c2
Event: 1058.517 Thread 0x0000019804a74800 Uncommon trap: reason=unstable_if action=reinterpret pc=0x000001986eef5ba4 method=java.util.regex.Pattern$LastNode.match(Ljava/util/regex/Matcher;ILjava/lang/CharSequence;)Z @ 13 c2
Event: 1058.586 Thread 0x0000019804a74800 Uncommon trap: reason=unstable_if action=reinterpret pc=0x000001986ed4475c method=jdk.internal.misc.Unsafe.convEndian(ZS)S @ 4 c2
Event: 1058.659 Thread 0x0000019804a74800 Uncommon trap: reason=profile_predicate action=maybe_recompile pc=0x000001986ed2c138 method=java.util.TreeMap.getEntryUsingComparator(Ljava/lang/Object;)Ljava/util/TreeMap$Entry; @ 19 c2
Event: 1058.660 Thread 0x0000019804a74800 Uncommon trap: reason=profile_predicate action=maybe_recompile pc=0x000001986ed2c138 method=java.util.TreeMap.getEntryUsingComparator(Ljava/lang/Object;)Ljava/util/TreeMap$Entry; @ 19 c2
Event: 1058.778 Thread 0x0000019800d94800 Uncommon trap: reason=class_check action=maybe_recompile pc=0x000001986ef9cfc0 method=com.google.common.cache.LocalCache$Segment.get(Ljava/lang/Object;I)Ljava/lang/Object; @ 14 c2
Event: 1058.785 Thread 0x0000019800d94800 Uncommon trap: reason=class_check action=maybe_recompile pc=0x000001986ef9cfc0 method=com.google.common.cache.LocalCache$Segment.get(Ljava/lang/Object;I)Ljava/lang/Object; @ 14 c2
Event: 1058.786 Thread 0x0000019800d94800 Uncommon trap: reason=class_check action=maybe_recompile pc=0x000001986ef9cfc0 method=com.google.common.cache.LocalCache$Segment.get(Ljava/lang/Object;I)Ljava/lang/Object; @ 14 c2

Classes redefined (0 events):
No events

Internal exceptions (10 events):
Event: 1057.766 Thread 0x0000019800d8e000 Implicit null exception at 0x000001986eb1a23d to 0x000001986eb1a8c0
Event: 1058.360 Thread 0x0000019800d92800 Exception <a 'java/lang/NoSuchMethodError'{0x000000008a2bbc28}: java.lang.invoke.DirectMethodHandle$Holder.invokeStatic(Ljava/lang/Object;Ljava/lang/Object;Ljava/lang/Object;Ljava/lang/Object;ILjava/lang/Object;)V> (0x000000008a2bbc28) thrown at [./open/s
Event: 1058.466 Thread 0x0000019800d92800 Exception <a 'sun/nio/fs/WindowsException'{0x000000008b891ac0}> (0x000000008b891ac0) thrown at [./open/src/hotspot/share/prims/jni.cpp, line 611]
Event: 1058.467 Thread 0x0000019800d92800 Exception <a 'sun/nio/fs/WindowsException'{0x000000008b892770}> (0x000000008b892770) thrown at [./open/src/hotspot/share/prims/jni.cpp, line 611]
Event: 1058.472 Thread 0x0000019800d92800 Exception <a 'sun/nio/fs/WindowsException'{0x000000008b8a72b0}> (0x000000008b8a72b0) thrown at [./open/src/hotspot/share/prims/jni.cpp, line 611]
Event: 1058.472 Thread 0x0000019800d92800 Exception <a 'sun/nio/fs/WindowsException'{0x000000008b8a7e90}> (0x000000008b8a7e90) thrown at [./open/src/hotspot/share/prims/jni.cpp, line 611]
Event: 1058.476 Thread 0x0000019800d92800 Exception <a 'java/lang/NoSuchMethodError'{0x000000008b8f78d0}: static Lcom/android/build/gradle/internal/tasks/MergeJavaResRunnable$Params;.<clinit>()V> (0x000000008b8f78d0) thrown at [./open/src/hotspot/share/prims/jni.cpp, line 1362]
Event: 1058.478 Thread 0x0000019800d92800 Exception <a 'java/lang/NoSuchMethodError'{0x000000008b70ece8}: static Lcom/android/build/gradle/internal/packaging/SerializablePackagingOptions;.<clinit>()V> (0x000000008b70ece8) thrown at [./open/src/hotspot/share/prims/jni.cpp, line 1362]
Event: 1058.482 Thread 0x0000019804a74800 Exception <a 'sun/nio/fs/WindowsException'{0x000000008b769668}> (0x000000008b769668) thrown at [./open/src/hotspot/share/prims/jni.cpp, line 611]
Event: 1058.698 Thread 0x000001987ef25800 Exception <a 'java/lang/NoSuchMethodError'{0x0000000089966330}: java.lang.invoke.DirectMethodHandle$Holder.invokeSpecial(Ljava/lang/Object;Ljava/lang/Object;Ljava/lang/Object;Ljava/lang/Object;Ljava/lang/Object;)I> (0x0000000089966330) thrown at [./open/s

Events (10 events):
Event: 1058.866 loading class com/google/common/collect/ForwardingMapEntry
Event: 1058.866 loading class com/google/common/collect/ForwardingMapEntry done
Event: 1058.867 loading class org/gradle/internal/execution/history/changes/DefaultIncrementalInputProperties
Event: 1058.867 loading class org/gradle/internal/execution/history/changes/DefaultIncrementalInputProperties done
Event: 1058.867 loading class org/gradle/internal/execution/history/changes/DefaultIncrementalInputProperties
Event: 1058.867 loading class org/gradle/internal/execution/history/changes/DefaultIncrementalInputProperties done
Event: 1058.867 loading class org/gradle/internal/execution/history/changes/DefaultIncrementalInputProperties
Event: 1058.867 loading class org/gradle/internal/execution/history/changes/DefaultIncrementalInputProperties done
Event: 1058.895 Executing VM operation: CGC_Operation
Event: 1058.896 Executing VM operation: CGC_Operation done


Dynamic libraries:
0x00007ff644630000 - 0x00007ff64463f000 	C:\Program Files\Java\jdk-11.0.10\bin\java.exe
0x00007ffadfa20000 - 0x00007ffadfc10000 	C:\Windows\SYSTEM32\ntdll.dll
0x00007ffadeb50000 - 0x00007ffadec02000 	C:\Windows\System32\KERNEL32.DLL
0x00007ffadd380000 - 0x00007ffadd625000 	C:\Windows\System32\KERNELBASE.dll
0x00007ffadd940000 - 0x00007ffadda3a000 	C:\Windows\System32\ucrtbase.dll
0x00007ffad2e80000 - 0x00007ffad2e95000 	C:\Program Files\Java\jdk-11.0.10\bin\VCRUNTIME140.dll
0x00007ffad2cd0000 - 0x00007ffad2ce8000 	C:\Program Files\Java\jdk-11.0.10\bin\jli.dll
0x00007ffade680000 - 0x00007ffade723000 	C:\Windows\System32\ADVAPI32.dll
0x00007ffadf940000 - 0x00007ffadf9de000 	C:\Windows\System32\msvcrt.dll
0x00007ffadf7d0000 - 0x00007ffadf867000 	C:\Windows\System32\sechost.dll
0x00007ffade560000 - 0x00007ffade67f000 	C:\Windows\System32\RPCRT4.dll
0x00007ffadf2f0000 - 0x00007ffadf484000 	C:\Windows\System32\USER32.dll
0x00007ffadd6b0000 - 0x00007ffadd6d1000 	C:\Windows\System32\win32u.dll
0x00007ffaca350000 - 0x00007ffaca5d4000 	C:\Windows\WinSxS\amd64_microsoft.windows.common-controls_6595b64144ccf1df_6.0.18362.1440_none_9e7dbfb9e45e8e67\COMCTL32.dll
0x00007ffade730000 - 0x00007ffade756000 	C:\Windows\System32\GDI32.dll
0x00007ffadf490000 - 0x00007ffadf7c6000 	C:\Windows\System32\combase.dll
0x00007ffadda40000 - 0x00007ffaddac1000 	C:\Windows\System32\bcryptPrimitives.dll
0x00007ffadd6e0000 - 0x00007ffadd878000 	C:\Windows\System32\gdi32full.dll
0x00007ffadd880000 - 0x00007ffadd91e000 	C:\Windows\System32\msvcp_win.dll
0x00007ffad6bb0000 - 0x00007ffad6bba000 	C:\Windows\SYSTEM32\VERSION.dll
0x00007ffade8e0000 - 0x00007ffade90e000 	C:\Windows\System32\IMM32.DLL
0x00007ffacbcf0000 - 0x00007ffacbd8b000 	C:\Program Files\Java\jdk-11.0.10\bin\msvcp140.dll
0x00007ffaaf200000 - 0x00007ffaafcfb000 	C:\Program Files\Java\jdk-11.0.10\bin\server\jvm.dll
0x00007ffade240000 - 0x00007ffade248000 	C:\Windows\System32\PSAPI.DLL
0x00007ffad9170000 - 0x00007ffad9194000 	C:\Windows\SYSTEM32\WINMM.dll
0x00007ffac1f30000 - 0x00007ffac1f39000 	C:\Windows\SYSTEM32\WSOCK32.dll
0x00007ffade9a0000 - 0x00007ffadea0f000 	C:\Windows\System32\WS2_32.dll
0x00007ffad9140000 - 0x00007ffad916d000 	C:\Windows\SYSTEM32\winmmbase.dll
0x00007ffadd660000 - 0x00007ffadd6aa000 	C:\Windows\System32\cfgmgr32.dll
0x00007ffadc8e0000 - 0x00007ffadc8f1000 	C:\Windows\System32\kernel.appcore.dll
0x00007ffad4fd0000 - 0x00007ffad4fe0000 	C:\Program Files\Java\jdk-11.0.10\bin\verify.dll
0x00007ffadb130000 - 0x00007ffadb324000 	C:\Windows\SYSTEM32\DBGHELP.DLL
0x00007ffac6a90000 - 0x00007ffac6aba000 	C:\Windows\SYSTEM32\dbgcore.DLL
0x00007ffad1310000 - 0x00007ffad1338000 	C:\Program Files\Java\jdk-11.0.10\bin\java.dll
0x00007ffad4ee0000 - 0x00007ffad4eea000 	C:\Program Files\Java\jdk-11.0.10\bin\jimage.dll
0x00007ffad12f0000 - 0x00007ffad1306000 	C:\Program Files\Java\jdk-11.0.10\bin\zip.dll
0x00007ffaddad0000 - 0x00007ffade1b8000 	C:\Windows\System32\SHELL32.dll
0x00007ffade760000 - 0x00007ffade807000 	C:\Windows\System32\shcore.dll
0x00007ffadcc00000 - 0x00007ffadd37b000 	C:\Windows\System32\windows.storage.dll
0x00007ffadc970000 - 0x00007ffadc98e000 	C:\Windows\System32\profapi.dll
0x00007ffadc900000 - 0x00007ffadc94a000 	C:\Windows\System32\powrprof.dll
0x00007ffadc8d0000 - 0x00007ffadc8e0000 	C:\Windows\System32\UMPDC.dll
0x00007ffadec10000 - 0x00007ffadec62000 	C:\Windows\System32\shlwapi.dll
0x00007ffadd920000 - 0x00007ffadd937000 	C:\Windows\System32\cryptsp.dll
0x00007ffad0a60000 - 0x00007ffad0a79000 	C:\Program Files\Java\jdk-11.0.10\bin\net.dll
0x00007ffacdb20000 - 0x00007ffacdc1a000 	C:\Windows\SYSTEM32\WINHTTP.dll
0x00007ffadc110000 - 0x00007ffadc177000 	C:\Windows\system32\mswsock.dll
0x00007ffad0a40000 - 0x00007ffad0a52000 	C:\Program Files\Java\jdk-11.0.10\bin\nio.dll
0x00007ffad3460000 - 0x00007ffad3487000 	C:\Users\Ikhsan\.gradle\native\f6784746aeab05261644944871eae4fe03e0ef1612fff0a4a95f87b438bc6780\windows-amd64\native-platform.dll
0x00007ffad4e10000 - 0x00007ffad4e19000 	C:\Program Files\Java\jdk-11.0.10\bin\management.dll
0x00007ffad4410000 - 0x00007ffad441b000 	C:\Program Files\Java\jdk-11.0.10\bin\management_ext.dll
0x00007ffadbc90000 - 0x00007ffadbcc3000 	C:\Windows\system32\rsaenh.dll
0x00007ffadd630000 - 0x00007ffadd656000 	C:\Windows\System32\bcrypt.dll
0x00007ffadc7b0000 - 0x00007ffadc7d5000 	C:\Windows\SYSTEM32\USERENV.dll
0x00007ffadc2e0000 - 0x00007ffadc2ec000 	C:\Windows\SYSTEM32\CRYPTBASE.dll
0x00007ffadbe20000 - 0x00007ffadbe5a000 	C:\Windows\SYSTEM32\IPHLPAPI.DLL
0x00007ffade4f0000 - 0x00007ffade4f8000 	C:\Windows\System32\NSI.dll
0x00007ffad6510000 - 0x00007ffad6526000 	C:\Windows\SYSTEM32\dhcpcsvc6.DLL
0x00007ffad47e0000 - 0x00007ffad47fc000 	C:\Windows\SYSTEM32\dhcpcsvc.DLL
0x00007ffadbe60000 - 0x00007ffadbf2b000 	C:\Windows\SYSTEM32\DNSAPI.dll
0x00007ffacd570000 - 0x00007ffacd57b000 	C:\Windows\SYSTEM32\WINNSI.DLL
0x00007ffad3c30000 - 0x00007ffad3c3d000 	C:\Program Files\Java\jdk-11.0.10\bin\sunmscapi.dll
0x00007ffadcaa0000 - 0x00007ffadcbf1000 	C:\Windows\System32\CRYPT32.dll
0x00007ffadc950000 - 0x00007ffadc962000 	C:\Windows\System32\MSASN1.dll
0x00007ffadc3e0000 - 0x00007ffadc406000 	C:\Windows\SYSTEM32\ncrypt.dll
0x00007ffadc3a0000 - 0x00007ffadc3db000 	C:\Windows\SYSTEM32\NTASN1.dll
0x00007ffad0a10000 - 0x00007ffad0a35000 	C:\Program Files\Java\jdk-11.0.10\bin\sunec.dll
0x00007ffacd540000 - 0x00007ffacd54a000 	C:\Windows\System32\rasadhlp.dll
0x00007ffacaac0000 - 0x00007ffacab37000 	C:\Windows\System32\fwpuclnt.dll
0x00007ffaae1a0000 - 0x00007ffaae33a000 	C:\Program Files\Java\jdk-11.0.10\bin\awt.dll
0x00007ffade420000 - 0x00007ffade4e5000 	C:\Windows\System32\OLEAUT32.dll
0x00007ffada720000 - 0x00007ffada7af000 	C:\Windows\SYSTEM32\apphelp.dll
0x00007ffadac10000 - 0x00007ffadac3d000 	C:\Windows\system32\DWMAPI.DLL
0x00007ffada7f0000 - 0x00007ffada889000 	C:\Windows\system32\uxtheme.dll

dbghelp: loaded successfully - version: 4.0.5 - missing functions: none
symbol engine: initialized successfully - sym options: 0x614 - pdb path: .;C:\Program Files\Java\jdk-11.0.10\bin;C:\Windows\SYSTEM32;C:\Windows\WinSxS\amd64_microsoft.windows.common-controls_6595b64144ccf1df_6.0.18362.1440_none_9e7dbfb9e45e8e67;C:\Program Files\Java\jdk-11.0.10\bin\server;C:\Users\Ikhsan\.gradle\native\f6784746aeab05261644944871eae4fe03e0ef1612fff0a4a95f87b438bc6780\windows-amd64

VM Arguments:
jvm_args: --add-opens=java.base/java.util=ALL-UNNAMED --add-opens=java.base/java.lang=ALL-UNNAMED --add-opens=java.base/java.lang.invoke=ALL-UNNAMED --add-opens=java.prefs/java.util.prefs=ALL-UNNAMED -Xmx2048m -Dfile.encoding=UTF-8 -Duser.country=US -Duser.language=en -Duser.variant 
java_command: org.gradle.launcher.daemon.bootstrap.GradleDaemon 6.5
java_class_path (initial): C:\Users\Ikhsan\.gradle\wrapper\dists\gradle-6.5-bin\6nifqtx7604sqp1q6g8wikw7p\gradle-6.5\lib\gradle-launcher-6.5.jar
Launcher Type: SUN_STANDARD

[Global flags]
     intx CICompilerCount                          = 4                                         {product} {ergonomic}
     uint ConcGCThreads                            = 2                                         {product} {ergonomic}
     uint G1ConcRefinementThreads                  = 8                                         {product} {ergonomic}
   size_t G1HeapRegionSize                         = 1048576                                   {product} {ergonomic}
    uintx GCDrainStackTargetSize                   = 64                                        {product} {ergonomic}
   size_t InitialHeapSize                          = 134217728                                 {product} {ergonomic}
   size_t MarkStackSize                            = 4194304                                   {product} {ergonomic}
   size_t MaxHeapSize                              = 2147483648                                {product} {command line}
   size_t MaxNewSize                               = 1287651328                                {product} {ergonomic}
   size_t MinHeapDeltaBytes                        = 1048576                                   {product} {ergonomic}
    uintx NonNMethodCodeHeapSize                   = 5836300                                {pd product} {ergonomic}
    uintx NonProfiledCodeHeapSize                  = 122910970                              {pd product} {ergonomic}
    uintx ProfiledCodeHeapSize                     = 122910970                              {pd product} {ergonomic}
    uintx ReservedCodeCacheSize                    = 251658240                              {pd product} {ergonomic}
     bool SegmentedCodeCache                       = true                                      {product} {ergonomic}
     bool UseCompressedClassPointers               = true                                 {lp64_product} {ergonomic}
     bool UseCompressedOops                        = true                                 {lp64_product} {ergonomic}
     bool UseG1GC                                  = true                                      {product} {ergonomic}
     bool UseLargePagesIndividualAllocation        = false                                  {pd product} {ergonomic}

Logging:
Log output configuration:
 #0: stdout all=warning uptime,level,tags
 #1: stderr all=off uptime,level,tags

Environment Variables:
JAVA_HOME=C:\Program Files\Java\jdk-11.0.10
PATH=C:\Oracle18c-XE\dbhomeXE\bin;C:\Windows\system32;C:\Windows;C:\Windows\System32\Wbem;C:\Windows\System32\WindowsPowerShell\v1.0\;C:\Windows\System32\OpenSSH\;C:\Program Files (x86)\NVIDIA Corporation\PhysX\Common;C:\Program Files\NVIDIA Corporation\NVIDIA NvDLISR;C:\Windows\system32;C:\Windows;C:\Windows\System32\Wbem;C:\Windows\System32\WindowsPowerShell\v1.0\;C:\Windows\System32\OpenSSH\;C:\Program Files\Git\cmd;C:\Program Files\PuTTY\;C:\Program Files (x86)\Bitvise SSH Client;C:\Program Files\Java\jdk-11.0.10\bin;C:\Users\Ikhsan\sonar-scanner-4.5.0.2216-windows\bin;%JAVA_HOME%\bin;C:\Users\Ikhsan\AppData\Local\Microsoft\WindowsApps;;C:\Users\Ikhsan\AppData\Local\Programs\Microsoft VS Code\bin
USERNAME=Ikhsan
OS=Windows_NT
PROCESSOR_IDENTIFIER=AMD64 Family 23 Model 113 Stepping 0, AuthenticAMD



---------------  S Y S T E M  ---------------

OS: Windows 10 , 64 bit Build 18362 (10.0.18362.1350)

CPU:total 8 (initial active 8) (8 cores per cpu, 2 threads per core) family 23 model 113 stepping 0 microcode 0x0, cmov, cx8, fxsr, mmx, sse, sse2, sse3, ssse3, sse4.1, sse4.2, popcnt, avx, avx2, aes, clmul, mmxext, 3dnowpref, lzcnt, sse4a, ht, tsc, tscinvbit, tscinv, bmi1, bmi2, adx, 

Memory: 4k page, system-wide physical 8140M (477M free)
TotalPageFile size 18140M (AvailPageFile size 3M)
current process WorkingSet (physical memory assigned to process): 486M, peak: 489M
current process commit charge ("private bytes"): 537M, peak: 539M

vm_info: Java HotSpot(TM) 64-Bit Server VM (11.0.10+8-LTS-162) for windows-amd64 JRE (11.0.10+8-LTS-162), built on Dec  8 2020 16:32:57 by "mach5one" with MS VC++ 15.9 (VS2017)

END.
